<?xml version="1.0" encoding="UTF-8"?>
<!-- Generated by org.testng.reporters.JUnitReportReporter -->
<testsuite hostname="DESKTOP-4V5MUAL" failures="0" tests="1" name="testSuites.SmokeTesting" time="14.006" errors="0" timestamp="2023-04-10T12:53:01 IST" skipped="0">
  <testcase classname="testSuites.SmokeTesting" name="testing" time="14.006"/>
  <system-out/>
</testsuite> <!-- testSuites.SmokeTesting -->
