<?xml version="1.0" encoding="UTF-8"?>
<!-- Generated by org.testng.reporters.JUnitReportReporter -->
<testsuite hostname="DESKTOP-4V5MUAL" failures="0" tests="5" name="testSuites.TestCases" time="54.998" errors="0" timestamp="2023-04-11T17:06:03 IST" skipped="0">
  <testcase classname="testSuites.TestCases" name="hospitalNames" time="18.314"/>
  <system-out/>
  <testcase classname="testSuites.TestCases" name="TopCities" time="6.337"/>
  <system-out/>
  <testcase classname="testSuites.TestCases" name="corporateWellness" time="27.549"/>
  <system-out/>
  <testcase classname="testSuites.TestCases" name="verifyCookiesHandle" time="1.440"/>
  <system-out/>
  <testcase classname="testSuites.TestCases" name="verifyMouseHover" time="1.358"/>
  <system-out/>
</testsuite> <!-- testSuites.TestCases -->
